2023-01-10 20:28:23,118 INFO org.springframework.boot.StartupInfoLogger [restartedMain] Starting Main using Java 17.0.3.1 on DESKTOP-RTDPLOT with PID 19196 (D:\Program Files\Java\java_basics\search_site_project\target\classes started by Vlad in D:\Program Files\Java\java_basics\search_site_project)
2023-01-10 20:28:23,119 INFO org.springframework.boot.SpringApplication [restartedMain] No active profile set, falling back to default profiles: default
2023-01-10 20:28:23,176 INFO org.springframework.boot.logging.DeferredLog [restartedMain] Devtools property defaults active! Set 'spring.devtools.add-properties' to 'false' to disable
2023-01-10 20:28:23,176 INFO org.springframework.boot.logging.DeferredLog [restartedMain] For additional web related logging consider setting the 'logging.level.web' property to 'DEBUG'
2023-01-10 20:28:23,959 INFO org.springframework.data.repository.config.RepositoryConfigurationDelegate [restartedMain] Bootstrapping Spring Data JPA repositories in DEFAULT mode.
2023-01-10 20:28:24,017 INFO org.springframework.data.repository.config.RepositoryConfigurationDelegate [restartedMain] Finished Spring Data repository scanning in 51 ms. Found 5 JPA repository interfaces.
2023-01-10 20:28:24,631 INFO org.springframework.boot.web.embedded.tomcat.TomcatWebServer [restartedMain] Tomcat initialized with port(s): 8080 (http)
2023-01-10 20:28:24,644 INFO org.apache.juli.logging.DirectJDKLog [restartedMain] Initializing ProtocolHandler ["http-nio-8080"]
2023-01-10 20:28:24,644 INFO org.apache.juli.logging.DirectJDKLog [restartedMain] Starting service [Tomcat]
2023-01-10 20:28:24,644 INFO org.apache.juli.logging.DirectJDKLog [restartedMain] Starting Servlet engine: [Apache Tomcat/9.0.54]
2023-01-10 20:28:24,712 INFO org.apache.juli.logging.DirectJDKLog [restartedMain] Initializing Spring embedded WebApplicationContext
2023-01-10 20:28:24,713 INFO org.springframework.boot.web.servlet.context.ServletWebServerApplicationContext [restartedMain] Root WebApplicationContext: initialization completed in 1529 ms
2023-01-10 20:28:24,915 INFO org.hibernate.jpa.internal.util.LogHelper [restartedMain] HHH000204: Processing PersistenceUnitInfo [name: default]
2023-01-10 20:28:24,980 INFO org.hibernate.Version [restartedMain] HHH000412: Hibernate ORM core version 5.4.32.Final
2023-01-10 20:28:25,120 INFO org.hibernate.annotations.common.reflection.java.JavaReflectionManager [restartedMain] HCANN000001: Hibernate Commons Annotations {5.1.2.Final}
2023-01-10 20:28:25,229 INFO com.zaxxer.hikari.HikariDataSource [restartedMain] HikariPool-1 - Starting...
2023-01-10 20:28:25,609 INFO com.zaxxer.hikari.HikariDataSource [restartedMain] HikariPool-1 - Start completed.
2023-01-10 20:28:25,632 INFO org.hibernate.dialect.Dialect [restartedMain] HHH000400: Using dialect: org.hibernate.dialect.MySQL8Dialect
2023-01-10 20:28:27,157 WARN org.hibernate.tool.schema.internal.ExceptionHandlerLoggedImpl [restartedMain] GenerationTarget encountered exception accepting command : Error executing DDL "create index Path_INDX on search_page (path)" via JDBC Statement
org.hibernate.tool.schema.spi.CommandAcceptanceException: Error executing DDL "create index Path_INDX on search_page (path)" via JDBC Statement
	at org.hibernate.tool.schema.internal.exec.GenerationTargetToDatabase.accept(GenerationTargetToDatabase.java:67)
	at org.hibernate.tool.schema.internal.SchemaCreatorImpl.applySqlString(SchemaCreatorImpl.java:439)
	at org.hibernate.tool.schema.internal.SchemaCreatorImpl.applySqlStrings(SchemaCreatorImpl.java:423)
	at org.hibernate.tool.schema.internal.SchemaCreatorImpl.createFromMetadata(SchemaCreatorImpl.java:335)
	at org.hibernate.tool.schema.internal.SchemaCreatorImpl.performCreation(SchemaCreatorImpl.java:166)
	at org.hibernate.tool.schema.internal.SchemaCreatorImpl.doCreation(SchemaCreatorImpl.java:135)
	at org.hibernate.tool.schema.internal.SchemaCreatorImpl.doCreation(SchemaCreatorImpl.java:121)
	at org.hibernate.tool.schema.spi.SchemaManagementToolCoordinator.performDatabaseAction(SchemaManagementToolCoordinator.java:156)
	at org.hibernate.tool.schema.spi.SchemaManagementToolCoordinator.process(SchemaManagementToolCoordinator.java:73)
	at org.hibernate.internal.SessionFactoryImpl.<init>(SessionFactoryImpl.java:318)
	at org.hibernate.boot.internal.SessionFactoryBuilderImpl.build(SessionFactoryBuilderImpl.java:468)
	at org.hibernate.jpa.boot.internal.EntityManagerFactoryBuilderImpl.build(EntityManagerFactoryBuilderImpl.java:1259)
	at org.springframework.orm.jpa.vendor.SpringHibernateJpaPersistenceProvider.createContainerEntityManagerFactory(SpringHibernateJpaPersistenceProvider.java:58)
	at org.springframework.orm.jpa.LocalContainerEntityManagerFactoryBean.createNativeEntityManagerFactory(LocalContainerEntityManagerFactoryBean.java:365)
	at org.springframework.orm.jpa.AbstractEntityManagerFactoryBean.buildNativeEntityManagerFactory(AbstractEntityManagerFactoryBean.java:409)
	at org.springframework.orm.jpa.AbstractEntityManagerFactoryBean.afterPropertiesSet(AbstractEntityManagerFactoryBean.java:396)
	at org.springframework.orm.jpa.LocalContainerEntityManagerFactoryBean.afterPropertiesSet(LocalContainerEntityManagerFactoryBean.java:341)
	at org.springframework.beans.factory.support.AbstractAutowireCapableBeanFactory.invokeInitMethods(AbstractAutowireCapableBeanFactory.java:1863)
	at org.springframework.beans.factory.support.AbstractAutowireCapableBeanFactory.initializeBean(AbstractAutowireCapableBeanFactory.java:1800)
	at org.springframework.beans.factory.support.AbstractAutowireCapableBeanFactory.doCreateBean(AbstractAutowireCapableBeanFactory.java:620)
	at org.springframework.beans.factory.support.AbstractAutowireCapableBeanFactory.createBean(AbstractAutowireCapableBeanFactory.java:542)
	at org.springframework.beans.factory.support.AbstractBeanFactory.lambda$doGetBean$0(AbstractBeanFactory.java:335)
	at org.springframework.beans.factory.support.DefaultSingletonBeanRegistry.getSingleton(DefaultSingletonBeanRegistry.java:234)
	at org.springframework.beans.factory.support.AbstractBeanFactory.doGetBean(AbstractBeanFactory.java:333)
	at org.springframework.beans.factory.support.AbstractBeanFactory.getBean(AbstractBeanFactory.java:208)
	at org.springframework.context.support.AbstractApplicationContext.getBean(AbstractApplicationContext.java:1154)
	at org.springframework.context.support.AbstractApplicationContext.finishBeanFactoryInitialization(AbstractApplicationContext.java:908)
	at org.springframework.context.support.AbstractApplicationContext.refresh(AbstractApplicationContext.java:583)
	at org.springframework.boot.web.servlet.context.ServletWebServerApplicationContext.refresh(ServletWebServerApplicationContext.java:145)
	at org.springframework.boot.SpringApplication.refresh(SpringApplication.java:754)
	at org.springframework.boot.SpringApplication.refreshContext(SpringApplication.java:434)
	at org.springframework.boot.SpringApplication.run(SpringApplication.java:338)
	at org.springframework.boot.SpringApplication.run(SpringApplication.java:1343)
	at org.springframework.boot.SpringApplication.run(SpringApplication.java:1332)
	at engine.Main.main(Main.java:10)
	at java.base/jdk.internal.reflect.NativeMethodAccessorImpl.invoke0(Native Method)
	at java.base/jdk.internal.reflect.NativeMethodAccessorImpl.invoke(NativeMethodAccessorImpl.java:77)
	at java.base/jdk.internal.reflect.DelegatingMethodAccessorImpl.invoke(DelegatingMethodAccessorImpl.java:43)
	at java.base/java.lang.reflect.Method.invoke(Method.java:568)
	at org.springframework.boot.devtools.restart.RestartLauncher.run(RestartLauncher.java:49)
Caused by: java.sql.SQLSyntaxErrorException: BLOB/TEXT column 'path' used in key specification without a key length
	at com.mysql.cj.jdbc.exceptions.SQLError.createSQLException(SQLError.java:120)
	at com.mysql.cj.jdbc.exceptions.SQLExceptionsMapping.translateException(SQLExceptionsMapping.java:122)
	at com.mysql.cj.jdbc.StatementImpl.executeInternal(StatementImpl.java:768)
	at com.mysql.cj.jdbc.StatementImpl.execute(StatementImpl.java:653)
	at com.zaxxer.hikari.pool.ProxyStatement.execute(ProxyStatement.java:94)
	at com.zaxxer.hikari.pool.HikariProxyStatement.execute(HikariProxyStatement.java)
	at org.hibernate.tool.schema.internal.exec.GenerationTargetToDatabase.accept(GenerationTargetToDatabase.java:54)
	... 39 common frames omitted
2023-01-10 20:28:27,158 INFO org.hibernate.engine.transaction.jta.platform.internal.JtaPlatformInitiator [restartedMain] HHH000490: Using JtaPlatform implementation: [org.hibernate.engine.transaction.jta.platform.internal.NoJtaPlatform]
2023-01-10 20:28:27,164 INFO org.springframework.orm.jpa.AbstractEntityManagerFactoryBean [restartedMain] Initialized JPA EntityManagerFactory for persistence unit 'default'
2023-01-10 20:28:27,227 WARN org.springframework.boot.autoconfigure.orm.jpa.JpaBaseConfiguration$JpaWebConfiguration [restartedMain] spring.jpa.open-in-view is enabled by default. Therefore, database queries may be performed during view rendering. Explicitly configure spring.jpa.open-in-view to disable this warning
2023-01-10 20:28:27,863 INFO org.springframework.security.web.DefaultSecurityFilterChain [restartedMain] Will secure any request with [org.springframework.security.web.context.request.async.WebAsyncManagerIntegrationFilter@5ef159b3, org.springframework.security.web.context.SecurityContextPersistenceFilter@1c6c50fa, org.springframework.security.web.header.HeaderWriterFilter@4a6686ed, org.springframework.security.web.authentication.logout.LogoutFilter@689f8b6e, org.springframework.security.web.authentication.www.BasicAuthenticationFilter@ce0bde6, org.springframework.security.web.savedrequest.RequestCacheAwareFilter@1a0d7bd5, org.springframework.security.web.servletapi.SecurityContextHolderAwareRequestFilter@1ff27f6d, org.springframework.security.web.authentication.AnonymousAuthenticationFilter@102c44b5, org.springframework.security.web.session.SessionManagementFilter@45c22b49, org.springframework.security.web.access.ExceptionTranslationFilter@73ff85cc, org.springframework.security.web.access.intercept.FilterSecurityInterceptor@6f1f15af]
2023-01-10 20:28:28,034 INFO org.springframework.boot.autoconfigure.web.servlet.WelcomePageHandlerMapping [restartedMain] Adding welcome page template: index
2023-01-10 20:28:28,174 INFO org.springframework.boot.devtools.autoconfigure.OptionalLiveReloadServer [restartedMain] LiveReload server is running on port 35729
2023-01-10 20:28:28,184 INFO org.apache.juli.logging.DirectJDKLog [restartedMain] Starting ProtocolHandler ["http-nio-8080"]
2023-01-10 20:28:28,218 INFO org.springframework.boot.web.embedded.tomcat.TomcatWebServer [restartedMain] Tomcat started on port(s): 8080 (http) with context path ''
2023-01-10 20:28:28,225 INFO org.springframework.boot.StartupInfoLogger [restartedMain] Started Main in 6.219 seconds (JVM running for 6.992)
2023-01-10 20:28:47,417 INFO org.apache.juli.logging.DirectJDKLog [http-nio-8080-exec-1] Initializing Spring DispatcherServlet 'dispatcherServlet'
2023-01-10 20:28:47,418 INFO org.springframework.web.servlet.FrameworkServlet [http-nio-8080-exec-1] Initializing Servlet 'dispatcherServlet'
2023-01-10 20:28:47,418 INFO org.springframework.web.servlet.FrameworkServlet [http-nio-8080-exec-1] Completed initialization in 0 ms
2023-01-10 20:28:57,427 INFO engine.statistic.Statistic [http-nio-8080-exec-8] Получение статистики.
2023-01-10 20:29:05,524 INFO engine.service.interfaces.IndexServInt [http-nio-8080-exec-7] Попытка запуска индексации всех сайтов
2023-01-10 20:29:05,525 INFO engine.service.interfaces.IndexServInt [http-nio-8080-exec-7] Индексация всех сайтов запущена
2023-01-10 20:31:35,065 INFO engine.statistic.Statistic [http-nio-8080-exec-10] Получение статистики.
2023-01-10 20:31:55,641 INFO engine.statistic.Statistic [http-nio-8080-exec-5] Получение статистики.
2023-01-10 20:37:03,922 INFO engine.service.interfaces.IndexServInt [http-nio-8080-exec-3] Попытка запуска индексации всех сайтов
2023-01-10 20:37:03,922 WARN engine.service.interfaces.IndexServInt [http-nio-8080-exec-3] Индексация всех сайтов не запущена. Т.к. процесс индексации был запущен ранее.
2023-01-10 20:39:07,384 INFO org.springframework.orm.jpa.AbstractEntityManagerFactoryBean [SpringApplicationShutdownHook] Closing JPA EntityManagerFactory for persistence unit 'default'
2023-01-10 20:39:07,387 INFO com.zaxxer.hikari.HikariDataSource [SpringApplicationShutdownHook] HikariPool-1 - Shutdown initiated...
2023-01-10 20:39:07,392 INFO com.zaxxer.hikari.HikariDataSource [SpringApplicationShutdownHook] HikariPool-1 - Shutdown completed.
